{"C:\\Users\\alanr\\Documents\\coworking\\src\\presentation\\controllers\\signup.ts": {"path":"C:\\Users\\alanr\\Documents\\coworking\\src\\presentation\\controllers\\signup.ts","statementMap":{"0":{"start":{"line":2,"column":0},"end":{"line":2,"column":62}},"1":{"start":{"line":3,"column":0},"end":{"line":3,"column":52}},"2":{"start":{"line":7,"column":27},"end":{"line":7,"column":56}},"3":{"start":{"line":9,"column":4},"end":{"line":14,"column":7}},"4":{"start":{"line":10,"column":6},"end":{"line":13,"column":null}},"5":{"start":{"line":11,"column":8},"end":{"line":11,"column":41}},"6":{"start":{"line":12,"column":8},"end":{"line":12,"column":56}},"7":{"start":{"line":16,"column":4},"end":{"line":16,"column":50}},"8":{"start":{"line":5,"column":0},"end":{"line":5,"column":21}}},"fnMap":{"0":{"name":"(anonymous_1)","decl":{"start":{"line":6,"column":2},"end":{"line":6,"column":8}},"loc":{"start":{"line":6,"column":33},"end":{"line":17,"column":3}}},"1":{"name":"(anonymous_2)","decl":{"start":{"line":9,"column":27},"end":{"line":9,"column":28}},"loc":{"start":{"line":9,"column":37},"end":{"line":14,"column":5}}}},"branchMap":{"0":{"loc":{"start":{"line":10,"column":6},"end":{"line":13,"column":null}},"type":"if","locations":[{"start":{"line":10,"column":6},"end":{"line":13,"column":null}},{"start":{"line":10,"column":6},"end":{"line":13,"column":null}}]}},"s":{"0":1,"1":1,"2":3,"3":3,"4":9,"5":3,"6":3,"7":3,"8":1},"f":{"0":3,"1":9},"b":{"0":[3,6]}}
,"C:\\Users\\alanr\\Documents\\coworking\\src\\presentation\\errors\\missing-param-error.ts": {"path":"C:\\Users\\alanr\\Documents\\coworking\\src\\presentation\\errors\\missing-param-error.ts","statementMap":{"0":{"start":{"line":3,"column":4},"end":{"line":3,"column":41}},"1":{"start":{"line":4,"column":4},"end":{"line":4,"column":36}},"2":{"start":{"line":1,"column":0},"end":{"line":1,"column":21}}},"fnMap":{"0":{"name":"(anonymous_0)","decl":{"start":{"line":2,"column":2},"end":{"line":2,"column":14}},"loc":{"start":{"line":2,"column":31},"end":{"line":5,"column":3}}}},"branchMap":{},"s":{"0":9,"1":9,"2":1},"f":{"0":9},"b":{}}
,"C:\\Users\\alanr\\Documents\\coworking\\src\\presentation\\helpers\\http-helper.ts": {"path":"C:\\Users\\alanr\\Documents\\coworking\\src\\presentation\\helpers\\http-helper.ts","statementMap":{"0":{"start":{"line":3,"column":26},"end":{"line":6,"column":2}},"1":{"start":{"line":3,"column":59},"end":{"line":6,"column":2}},"2":{"start":{"line":3,"column":13},"end":{"line":3,"column":26}}},"fnMap":{"0":{"name":"(anonymous_0)","decl":{"start":{"line":3,"column":26},"end":{"line":3,"column":27}},"loc":{"start":{"line":3,"column":59},"end":{"line":6,"column":2}}}},"branchMap":{},"s":{"0":1,"1":6,"2":1},"f":{"0":6},"b":{}}
}
