TN:
SF:src\presentation\controllers\signup.ts
FN:6,(anonymous_1)
FN:9,(anonymous_2)
FNF:2
FNH:2
FNDA:3,(anonymous_1)
FNDA:9,(anonymous_2)
DA:2,1
DA:3,1
DA:5,1
DA:7,3
DA:9,3
DA:10,9
DA:11,3
DA:12,3
DA:16,3
LF:9
LH:9
BRDA:10,0,0,3
BRDA:10,0,1,6
BRF:2
BRH:2
end_of_record
TN:
SF:src\presentation\errors\missing-param-error.ts
FN:2,(anonymous_0)
FNF:1
FNH:1
FNDA:9,(anonymous_0)
DA:1,1
DA:3,9
DA:4,9
LF:3
LH:3
BRF:0
BRH:0
end_of_record
TN:
SF:src\presentation\helpers\http-helper.ts
FN:3,(anonymous_0)
FNF:1
FNH:1
FNDA:6,(anonymous_0)
DA:3,6
LF:1
LH:1
BRF:0
BRH:0
end_of_record
